<?xml version="1.0" encoding="UTF-8"?>
<!-- Generated by org.testng.reporters.JUnitXMLReporter -->
<testsuite hostname="DESKTOP-98NRF6P" name="Default test" tests="7" failures="0" timestamp="8 Apr 2018 06:57:13 GMT" time="25.89" errors="0">
  <testcase name="pricingPage" time="1.293" classname="automationFramework.Sprint3"/>
  <testcase name="omitDonFormCQAdmin" time="2.653" classname="automationFramework.Sprint3"/>
  <testcase name="omitDonFormCQUser" time="2.5" classname="automationFramework.Sprint3"/>
  <testcase name="myDonationFormbadmin" time="3.38" classname="automationFramework.Sprint3"/>
  <testcase name="myDonationFormBuser" time="3.04" classname="automationFramework.Sprint3"/>
  <testcase name="deleteUserCQAdmin" time="6.94" classname="automationFramework.Sprint3"/>
  <testcase name="deleteUserBsnAdmin" time="6.067" classname="automationFramework.Sprint3"/>
</testsuite> <!-- Default test -->
