<?xml version="1.0" encoding="UTF-8"?>
<testng-results skipped="0" failed="0" total="3" passed="3">
  <reporter-output>
  </reporter-output>
  <suite name="Default suite" duration-ms="33781" started-at="2018-04-07T14:32:31Z" finished-at="2018-04-07T14:33:05Z">
    <groups>
      <group name="Regression_Functional">
        <method signature="Sprint1.PendingRequestsBadmin()[pri:0, instance:automationFramework.Sprint1@2b98378d]" name="PendingRequestsBadmin" class="automationFramework.Sprint1"/>
      </group> <!-- Regression_Functional -->
    </groups>
    <test name="Default test" duration-ms="33781" started-at="2018-04-07T14:32:31Z" finished-at="2018-04-07T14:33:05Z">
      <class name="automationFramework.Sprint1">
        <test-method status="PASS" signature="launch()[pri:0, instance:automationFramework.Sprint1@2b98378d]" name="launch" is-config="true" duration-ms="11694" started-at="2018-04-07T09:32:19Z" finished-at="2018-04-07T09:32:31Z">
          <reporter-output>
          </reporter-output>
        </test-method> <!-- launch -->
        <test-method status="PASS" signature="CommaBadmin()[pri:0, instance:automationFramework.Sprint1@2b98378d]" name="CommaBadmin" duration-ms="4434" started-at="2018-04-07T09:32:31Z" finished-at="2018-04-07T09:32:36Z">
          <reporter-output>
          </reporter-output>
        </test-method> <!-- CommaBadmin -->
        <test-method status="PASS" signature="verifySubsDate()[pri:0, instance:automationFramework.Sprint1@2b98378d]" name="verifySubsDate" duration-ms="6918" started-at="2018-04-07T09:32:36Z" finished-at="2018-04-07T09:32:42Z">
          <reporter-output>
          </reporter-output>
        </test-method> <!-- verifySubsDate -->
        <test-method status="PASS" signature="PendingRequestsBadmin()[pri:0, instance:automationFramework.Sprint1@2b98378d]" name="PendingRequestsBadmin" duration-ms="22393" started-at="2018-04-07T09:32:42Z" finished-at="2018-04-07T09:33:05Z">
          <reporter-output>
          </reporter-output>
        </test-method> <!-- PendingRequestsBadmin -->
        <test-method status="PASS" signature="closebrowser()[pri:0, instance:automationFramework.Sprint1@2b98378d]" name="closebrowser" is-config="true" duration-ms="81" started-at="2018-04-07T09:33:05Z" finished-at="2018-04-07T09:33:05Z">
          <reporter-output>
          </reporter-output>
        </test-method> <!-- closebrowser -->
      </class> <!-- automationFramework.Sprint1 -->
    </test> <!-- Default test -->
  </suite> <!-- Default suite -->
</testng-results>
