<?xml version="1.0" encoding="UTF-8"?>
<testng-results skipped="0" failed="0" total="1" passed="1">
  <reporter-output>
  </reporter-output>
  <suite name="Individual Sprints" duration-ms="96142" started-at="2018-04-26T23:10:13Z" finished-at="2018-04-26T23:11:49Z">
    <groups>
    </groups>
    <test name="Sprint3" duration-ms="96142" started-at="2018-04-26T23:10:13Z" finished-at="2018-04-26T23:11:49Z">
      <class name="automationFramework.Basic_Regression">
        <test-method status="PASS" signature="launch()[pri:0, instance:automationFramework.Basic_Regression@4b9e13df]" name="launch" is-config="true" duration-ms="4627" started-at="2018-04-26T18:10:08Z" finished-at="2018-04-26T18:10:13Z">
          <reporter-output>
          </reporter-output>
        </test-method> <!-- launch -->
        <test-method status="PASS" signature="DonationPreferences()[pri:0, instance:automationFramework.Basic_Regression@4b9e13df]" name="DonationPreferences" duration-ms="96129" started-at="2018-04-26T18:10:13Z" finished-at="2018-04-26T18:11:49Z">
          <reporter-output>
          </reporter-output>
        </test-method> <!-- DonationPreferences -->
        <test-method status="PASS" signature="closebrowser()[pri:0, instance:automationFramework.Basic_Regression@4b9e13df]" name="closebrowser" is-config="true" duration-ms="2374" started-at="2018-04-26T18:11:49Z" finished-at="2018-04-26T18:11:51Z">
          <reporter-output>
          </reporter-output>
        </test-method> <!-- closebrowser -->
      </class> <!-- automationFramework.Basic_Regression -->
    </test> <!-- Sprint3 -->
  </suite> <!-- Individual Sprints -->
</testng-results>
